# JRE version: Java(TM) SE Runtime Environment (17.0.3.1+2) (build 17.0.3.1+2-LTS-6)
# Java VM: Java HotSpot(TM) 64-Bit Server VM (17.0.3.1+2-LTS-6, mixed mode, emulated-client, sharing, tiered, compressed oops, compressed class ptrs, g1 gc, windows-amd64)
GC Precious Log:
 CPUs: 4 total, 4 available
 Memory: 4012M
 Large Page Support: Disabled
 NUMA Support: Disabled
 Compressed Oops: Enabled (32-bit)
 Heap Region Size: 1M
 Heap Min Capacity: 8M
 Heap Initial Capacity: 64M
 Heap Max Capacity: 1004M
 Pre-touch: Disabled
 Parallel Workers: 4
 Concurrent Workers: 1
 Concurrent Refinement Workers: 4
 Periodic GC: Disabled
Heap:
 garbage-first heap   total 138240K, used 30031K [0x00000000c1400000, 0x0000000100000000)
  region size 1024K, 5 young (5120K), 1 survivors (1024K)
 Metaspace       used 62059K, committed 62464K, reserved 1105920K
  class space    used 8823K, committed 9024K, reserved 1048576K
GC Heap History (20 events):
Event: 39550.065 GC heap before
{Heap before GC invocations=164 (full 0):
 garbage-first heap   total 99328K, used 29894K [0x00000000c1400000, 0x0000000100000000)
  region size 1024K, 4 young (4096K), 1 survivors (1024K)
 Metaspace       used 61955K, committed 62400K, reserved 1105920K
  class space    used 8815K, committed 9024K, reserved 1048576K
}
Event: 39550.275 GC heap after
{Heap after GC invocations=165 (full 0):
 garbage-first heap   total 138240K, used 26829K [0x00000000c1400000, 0x0000000100000000)
  region size 1024K, 1 young (1024K), 1 survivors (1024K)
 Metaspace       used 61955K, committed 62400K, reserved 1105920K
  class space    used 8815K, committed 9024K, reserved 1048576K
}
Event: 40027.808 GC heap before
{Heap before GC invocations=165 (full 0):
 garbage-first heap   total 138240K, used 31949K [0x00000000c1400000, 0x0000000100000000)
  region size 1024K, 6 young (6144K), 1 survivors (1024K)
 Metaspace       used 61965K, committed 62400K, reserved 1105920K
  class space    used 8816K, committed 9024K, reserved 1048576K
}
Event: 40038.677 GC heap after
{Heap after GC invocations=166 (full 0):
 garbage-first heap   total 138240K, used 26818K [0x00000000c1400000, 0x0000000100000000)
  region size 1024K, 1 young (1024K), 1 survivors (1024K)
 Metaspace       used 61965K, committed 62400K, reserved 1105920K
  class space    used 8816K, committed 9024K, reserved 1048576K
}
Event: 40525.133 GC heap before
{Heap before GC invocations=166 (full 0):
 garbage-first heap   total 138240K, used 31938K [0x00000000c1400000, 0x0000000100000000)
  region size 1024K, 6 young (6144K), 1 survivors (1024K)
 Metaspace       used 61965K, committed 62400K, reserved 1105920K
  class space    used 8816K, committed 9024K, reserved 1048576K
}
Event: 40526.887 GC heap after
{Heap after GC invocations=167 (full 0):
 garbage-first heap   total 138240K, used 26817K [0x00000000c1400000, 0x0000000100000000)
  region size 1024K, 1 young (1024K), 1 survivors (1024K)
 Metaspace       used 61965K, committed 62400K, reserved 1105920K
  class space    used 8816K, committed 9024K, reserved 1048576K
}
Event: 41010.878 GC heap before
{Heap before GC invocations=167 (full 0):
 garbage-first heap   total 138240K, used 31937K [0x00000000c1400000, 0x0000000100000000)
  region size 1024K, 6 young (6144K), 1 survivors (1024K)
 Metaspace       used 61965K, committed 62400K, reserved 1105920K
  class space    used 8816K, committed 9024K, reserved 1048576K
}
Event: 41011.465 GC heap after
{Heap after GC invocations=168 (full 0):
 garbage-first heap   total 138240K, used 26827K [0x00000000c1400000, 0x0000000100000000)
  region size 1024K, 1 young (1024K), 1 survivors (1024K)
 Metaspace       used 61965K, committed 62400K, reserved 1105920K
  class space    used 8816K, committed 9024K, reserved 1048576K
}
Event: 41442.165 GC heap before
{Heap before GC invocations=168 (full 0):
 garbage-first heap   total 138240K, used 31947K [0x00000000c1400000, 0x0000000100000000)
  region size 1024K, 6 young (6144K), 1 survivors (1024K)
 Metaspace       used 61972K, committed 62400K, reserved 1105920K
  class space    used 8817K, committed 9024K, reserved 1048576K
}
Event: 41443.303 GC heap after
{Heap after GC invocations=169 (full 0):
 garbage-first heap   total 138240K, used 26724K [0x00000000c1400000, 0x0000000100000000)
  region size 1024K, 1 young (1024K), 1 survivors (1024K)
 Metaspace       used 61972K, committed 62400K, reserved 1105920K
  class space    used 8817K, committed 9024K, reserved 1048576K
}
Event: 41485.824 GC heap before
{Heap before GC invocations=169 (full 0):
 garbage-first heap   total 138240K, used 31844K [0x00000000c1400000, 0x0000000100000000)
  region size 1024K, 6 young (6144K), 1 survivors (1024K)
 Metaspace       used 61972K, committed 62400K, reserved 1105920K
  class space    used 8817K, committed 9024K, reserved 1048576K
}
Event: 41485.985 GC heap after
{Heap after GC invocations=170 (full 0):
 garbage-first heap   total 138240K, used 26734K [0x00000000c1400000, 0x0000000100000000)
  region size 1024K, 1 young (1024K), 1 survivors (1024K)
 Metaspace       used 61972K, committed 62400K, reserved 1105920K
  class space    used 8817K, committed 9024K, reserved 1048576K
}
Event: 41487.418 GC heap before
{Heap before GC invocations=170 (full 0):
 garbage-first heap   total 138240K, used 31854K [0x00000000c1400000, 0x0000000100000000)
  region size 1024K, 6 young (6144K), 1 survivors (1024K)
 Metaspace       used 61976K, committed 62400K, reserved 1105920K
  class space    used 8818K, committed 9024K, reserved 1048576K
}
Event: 41487.489 GC heap after
{Heap after GC invocations=171 (full 0):
 garbage-first heap   total 138240K, used 26821K [0x00000000c1400000, 0x0000000100000000)
  region size 1024K, 1 young (1024K), 1 survivors (1024K)
 Metaspace       used 61976K, committed 62400K, reserved 1105920K
  class space    used 8818K, committed 9024K, reserved 1048576K
}
Event: 41546.054 GC heap before
{Heap before GC invocations=171 (full 0):
 garbage-first heap   total 138240K, used 31941K [0x00000000c1400000, 0x0000000100000000)
  region size 1024K, 6 young (6144K), 1 survivors (1024K)
 Metaspace       used 62034K, committed 62464K, reserved 1105920K
  class space    used 8818K, committed 9024K, reserved 1048576K
}
Event: 41546.389 GC heap after
{Heap after GC invocations=172 (full 0):
 garbage-first heap   total 138240K, used 26970K [0x00000000c1400000, 0x0000000100000000)
  region size 1024K, 1 young (1024K), 1 survivors (1024K)
 Metaspace       used 62034K, committed 62464K, reserved 1105920K
  class space    used 8818K, committed 9024K, reserved 1048576K
}
Event: 42011.487 GC heap before
{Heap before GC invocations=172 (full 0):
 garbage-first heap   total 138240K, used 32090K [0x00000000c1400000, 0x0000000100000000)
  region size 1024K, 6 young (6144K), 1 survivors (1024K)
 Metaspace       used 62048K, committed 62464K, reserved 1105920K
  class space    used 8820K, committed 9024K, reserved 1048576K
}
Event: 42011.542 GC heap after
{Heap after GC invocations=173 (full 0):
 garbage-first heap   total 138240K, used 26993K [0x00000000c1400000, 0x0000000100000000)
  region size 1024K, 1 young (1024K), 1 survivors (1024K)
 Metaspace       used 62048K, committed 62464K, reserved 1105920K
  class space    used 8820K, committed 9024K, reserved 1048576K
}
Event: 42484.681 GC heap before
{Heap before GC invocations=173 (full 0):
 garbage-first heap   total 138240K, used 32113K [0x00000000c1400000, 0x0000000100000000)
  region size 1024K, 6 young (6144K), 1 survivors (1024K)
 Metaspace       used 62048K, committed 62464K, reserved 1105920K
  class space    used 8820K, committed 9024K, reserved 1048576K
}
Event: 42484.682 GC heap after
{Heap after GC invocations=174 (full 0):
 garbage-first heap   total 138240K, used 26959K [0x00000000c1400000, 0x0000000100000000)
  region size 1024K, 1 young (1024K), 1 survivors (1024K)
 Metaspace       used 62048K, committed 62464K, reserved 1105920K
  class space    used 8820K, committed 9024K, reserved 1048576K
}

